************ input SUL ************
32 244
0: 48 1: 48 2: 48 3: 48 4: 48 5: 47170 6: 48 7: 48 8: 48 9: 47170 10: 47170 11: 47170 12: 48 13: 47170 14: 48 15: 48 16: 48 17: 48 18: 47170 19: 48 20: 47170 21: 47170 22: 47170 23: 48 24: 48 25: 48 26: 47170 27: 48 28: 48 29: 48 30: 48 31: 48 
************ output sampled ************
32 244
0: 48 1: 48 2: 48 3: 48 4: 48 5: 47170 6: 48 7: 48 8: 48 9: 47170 10: 47170 11: 47170 12: 48 13: 47170 14: 48 15: 48 16: 48 17: 48 18: 47170 19: 48 20: 47170 21: 47170 22: 47170 23: 48 24: 48 25: 48 26: 47170 27: 48 28: 48 29: 48 30: 48 31: 48 
epsilon2=0.00001
************ output local distance quotient ************
23 167
0: 1668  1: 1668  2: 1668  3: 1668  4: 1668  5: 1668  6: 1668  7: 1668  8: 1668  9: 1668  10: 1668  11: 1668  12: 1668  13: 1668  14: 1668  15: 1668  16: 1668  17: 1668  18: 1668  19: 1668  20: 1668  21: 1668  22: 49710439  
Number of iterations = 0
************ output local distance merging ************
23 167
0: 1668  1: 1668  2: 1668  3: 1668  4: 1668  5: 1668  6: 1668  7: 1668  8: 1668  9: 1668  10: 1668  11: 1668  12: 1668  13: 1668  14: 1668  15: 1668  16: 1668  17: 1668  18: 1668  19: 1668  20: 1668  21: 1668  22: 49710439  
Number of iterations = 0
************ output approx partition-refinement quotient ************
23 167
0: 1668  1: 1668  2: 1668  3: 1668  4: 1668  5: 1668  6: 1668  7: 1668  8: 1668  9: 1668  10: 1668  11: 1668  12: 1668  13: 1668  14: 1668  15: 1668  16: 1668  17: 1668  18: 1668  19: 1668  20: 1668  21: 1668  22: 49710439  
Number of iterations = 0
************ output approx partition-refinement merging ************
23 167
0: 1668  1: 1668  2: 1668  3: 1668  4: 1668  5: 1668  6: 1668  7: 1668  8: 1668  9: 1668  10: 1668  11: 1668  12: 1668  13: 1668  14: 1668  15: 1668  16: 1668  17: 1668  18: 1668  19: 1668  20: 1668  21: 1668  22: 49710439  
Number of iterations = 0
epsilon2=0.0001
************ output local distance quotient ************
23 167
0: 1668  1: 1668  2: 1668  3: 1668  4: 1668  5: 1668  6: 1668  7: 1668  8: 1668  9: 1668  10: 1668  11: 1668  12: 1668  13: 1668  14: 1668  15: 1668  16: 1668  17: 1668  18: 1668  19: 1668  20: 1668  21: 1668  22: 49710439  
Number of iterations = 0
************ output local distance merging ************
22 143
0: 1668  1: 1668  2: 1668  3: 1668  4: 1668  5: 1668  6: 1668  7: 1668  8: 1668  9: 1668  10: 1668  11: 1668  12: 1668  13: 1668  14: 1668  15: 1668  16: 1668  17: 1668  18: 1668  19: 1668  20: 1668  21: 49710439  
Number of iterations = 1
************ output approx partition-refinement quotient ************
23 167
0: 1668  1: 1668  2: 1668  3: 1668  4: 1668  5: 1668  6: 1668  7: 1668  8: 1668  9: 1668  10: 1668  11: 1668  12: 1668  13: 1668  14: 1668  15: 1668  16: 1668  17: 1668  18: 1668  19: 1668  20: 1668  21: 1668  22: 49710439  
Number of iterations = 0
************ output approx partition-refinement merging ************
4 11
0: 1668  1: 1668  2: 1668  3: 49710439  
Number of iterations = 1
epsilon2=0.001
************ output local distance quotient ************
23 167
0: 1668  1: 1668  2: 1668  3: 1668  4: 1668  5: 1668  6: 1668  7: 1668  8: 1668  9: 1668  10: 1668  11: 1668  12: 1668  13: 1668  14: 1668  15: 1668  16: 1668  17: 1668  18: 1668  19: 1668  20: 1668  21: 1668  22: 49710439  
Number of iterations = 0
************ output local distance merging ************
22 143
0: 1668  1: 1668  2: 1668  3: 1668  4: 1668  5: 1668  6: 1668  7: 1668  8: 1668  9: 1668  10: 1668  11: 1668  12: 1668  13: 1668  14: 1668  15: 1668  16: 1668  17: 1668  18: 1668  19: 1668  20: 1668  21: 49710439  
Number of iterations = 1
************ output approx partition-refinement quotient ************
23 167
0: 1668  1: 1668  2: 1668  3: 1668  4: 1668  5: 1668  6: 1668  7: 1668  8: 1668  9: 1668  10: 1668  11: 1668  12: 1668  13: 1668  14: 1668  15: 1668  16: 1668  17: 1668  18: 1668  19: 1668  20: 1668  21: 1668  22: 49710439  
Number of iterations = 0
************ output approx partition-refinement merging ************
4 11
0: 1668  1: 1668  2: 1668  3: 49710439  
Number of iterations = 1
epsilon2=0.01
************ output local distance quotient ************
23 167
0: 1668  1: 1668  2: 1668  3: 1668  4: 1668  5: 1668  6: 1668  7: 1668  8: 1668  9: 1668  10: 1668  11: 1668  12: 1668  13: 1668  14: 1668  15: 1668  16: 1668  17: 1668  18: 1668  19: 1668  20: 1668  21: 1668  22: 49710439  
Number of iterations = 0
************ output local distance merging ************
22 143
0: 1668  1: 1668  2: 1668  3: 1668  4: 1668  5: 1668  6: 1668  7: 1668  8: 1668  9: 1668  10: 1668  11: 1668  12: 1668  13: 1668  14: 1668  15: 1668  16: 1668  17: 1668  18: 1668  19: 1668  20: 1668  21: 49710439  
Number of iterations = 1
************ output approx partition-refinement quotient ************
23 167
0: 1668  1: 1668  2: 1668  3: 1668  4: 1668  5: 1668  6: 1668  7: 1668  8: 1668  9: 1668  10: 1668  11: 1668  12: 1668  13: 1668  14: 1668  15: 1668  16: 1668  17: 1668  18: 1668  19: 1668  20: 1668  21: 1668  22: 49710439  
Number of iterations = 0
************ output approx partition-refinement merging ************
4 11
0: 1668  1: 1668  2: 1668  3: 49710439  
Number of iterations = 1
epsilon2=0.1
************ output local distance quotient ************
23 167
0: 1668  1: 1668  2: 1668  3: 1668  4: 1668  5: 1668  6: 1668  7: 1668  8: 1668  9: 1668  10: 1668  11: 1668  12: 1668  13: 1668  14: 1668  15: 1668  16: 1668  17: 1668  18: 1668  19: 1668  20: 1668  21: 1668  22: 49710439  
Number of iterations = 0
************ output local distance merging ************
22 143
0: 1668  1: 1668  2: 1668  3: 1668  4: 1668  5: 1668  6: 1668  7: 1668  8: 1668  9: 1668  10: 1668  11: 1668  12: 1668  13: 1668  14: 1668  15: 1668  16: 1668  17: 1668  18: 1668  19: 1668  20: 1668  21: 49710439  
Number of iterations = 1
************ output approx partition-refinement quotient ************
23 167
0: 1668  1: 1668  2: 1668  3: 1668  4: 1668  5: 1668  6: 1668  7: 1668  8: 1668  9: 1668  10: 1668  11: 1668  12: 1668  13: 1668  14: 1668  15: 1668  16: 1668  17: 1668  18: 1668  19: 1668  20: 1668  21: 1668  22: 49710439  
Number of iterations = 0
************ output approx partition-refinement merging ************
4 11
0: 1668  1: 1668  2: 1668  3: 49710439  
Number of iterations = 1
