************ input SUL ************
128 2188
0: 48 1: 48 2: 48 3: 48 4: 48 5: 48 6: 48 7: 48 8: 48 9: 48 10: 48 11: 48 12: 48 13: 48 14: 48 15: 48 16: 48 17: 48 18: 48 19: 48 20: 48 21: 47170 22: 48 23: 48 24: 48 25: 48 26: 48 27: 48 28: 48 29: 48 30: 48 31: 48 32: 48 33: 48 34: 48 35: 48 36: 48 37: 47170 38: 48 39: 48 40: 48 41: 47170 42: 47170 43: 47170 44: 48 45: 47170 46: 48 47: 48 48: 48 49: 48 50: 48 51: 48 52: 48 53: 47170 54: 48 55: 48 56: 48 57: 48 58: 48 59: 48 60: 48 61: 48 62: 48 63: 48 64: 48 65: 48 66: 48 67: 48 68: 48 69: 48 70: 48 71: 48 72: 48 73: 48 74: 47170 75: 48 76: 48 77: 48 78: 48 79: 48 80: 48 81: 48 82: 47170 83: 48 84: 47170 85: 47170 86: 47170 87: 48 88: 48 89: 48 90: 47170 91: 48 92: 48 93: 48 94: 48 95: 48 96: 48 97: 48 98: 48 99: 48 100: 48 101: 48 102: 48 103: 48 104: 48 105: 48 106: 47170 107: 48 108: 48 109: 48 110: 48 111: 48 112: 48 113: 48 114: 48 115: 48 116: 48 117: 48 118: 48 119: 48 120: 48 121: 48 122: 48 123: 48 124: 48 125: 48 126: 48 127: 48 
************ output sampled ************
128 2188
0: 48 1: 48 2: 48 3: 48 4: 48 5: 48 6: 48 7: 48 8: 48 9: 48 10: 48 11: 48 12: 48 13: 48 14: 48 15: 48 16: 48 17: 48 18: 48 19: 48 20: 48 21: 47170 22: 48 23: 48 24: 48 25: 48 26: 48 27: 48 28: 48 29: 48 30: 48 31: 48 32: 48 33: 48 34: 48 35: 48 36: 48 37: 47170 38: 48 39: 48 40: 48 41: 47170 42: 47170 43: 47170 44: 48 45: 47170 46: 48 47: 48 48: 48 49: 48 50: 48 51: 48 52: 48 53: 47170 54: 48 55: 48 56: 48 57: 48 58: 48 59: 48 60: 48 61: 48 62: 48 63: 48 64: 48 65: 48 66: 48 67: 48 68: 48 69: 48 70: 48 71: 48 72: 48 73: 48 74: 47170 75: 48 76: 48 77: 48 78: 48 79: 48 80: 48 81: 48 82: 47170 83: 48 84: 47170 85: 47170 86: 47170 87: 48 88: 48 89: 48 90: 47170 91: 48 92: 48 93: 48 94: 48 95: 48 96: 48 97: 48 98: 48 99: 48 100: 48 101: 48 102: 48 103: 48 104: 48 105: 48 106: 47170 107: 48 108: 48 109: 48 110: 48 111: 48 112: 48 113: 48 114: 48 115: 48 116: 48 117: 48 118: 48 119: 48 120: 48 121: 48 122: 48 123: 48 124: 48 125: 48 126: 48 127: 48 
epsilon2=0.00001
************ output local distance quotient ************
115 1925
0: 1668  1: 1668  2: 1668  3: 1668  4: 1668  5: 1668  6: 1668  7: 1668  8: 1668  9: 1668  10: 1668  11: 1668  12: 1668  13: 1668  14: 1668  15: 1668  16: 1668  17: 1668  18: 1668  19: 1668  20: 1668  21: 1668  22: 1668  23: 1668  24: 1668  25: 1668  26: 1668  27: 1668  28: 1668  29: 1668  30: 1668  31: 1668  32: 1668  33: 1668  34: 1668  35: 1668  36: 1668  37: 1668  38: 1668  39: 1668  40: 1668  41: 1668  42: 1668  43: 1668  44: 1668  45: 1668  46: 1668  47: 1668  48: 1668  49: 1668  50: 1668  51: 1668  52: 1668  53: 1668  54: 1668  55: 1668  56: 1668  57: 1668  58: 1668  59: 1668  60: 1668  61: 1668  62: 1668  63: 1668  64: 1668  65: 1668  66: 1668  67: 1668  68: 1668  69: 1668  70: 1668  71: 1668  72: 1668  73: 1668  74: 1668  75: 1668  76: 1668  77: 1668  78: 1668  79: 1668  80: 1668  81: 1668  82: 1668  83: 1668  84: 1668  85: 1668  86: 1668  87: 1668  88: 1668  89: 1668  90: 1668  91: 1668  92: 1668  93: 1668  94: 1668  95: 1668  96: 1668  97: 1668  98: 1668  99: 1668  100: 1668  101: 1668  102: 1668  103: 1668  104: 1668  105: 1668  106: 1668  107: 1668  108: 1668  109: 1668  110: 1668  111: 1668  112: 1668  113: 1668  114: 49710439  
Number of iterations = 0
************ output local distance merging ************
115 1925
0: 1668  1: 1668  2: 1668  3: 1668  4: 1668  5: 1668  6: 1668  7: 1668  8: 1668  9: 1668  10: 1668  11: 1668  12: 1668  13: 1668  14: 1668  15: 1668  16: 1668  17: 1668  18: 1668  19: 1668  20: 1668  21: 1668  22: 1668  23: 1668  24: 1668  25: 1668  26: 1668  27: 1668  28: 1668  29: 1668  30: 1668  31: 1668  32: 1668  33: 1668  34: 1668  35: 1668  36: 1668  37: 1668  38: 1668  39: 1668  40: 1668  41: 1668  42: 1668  43: 1668  44: 1668  45: 1668  46: 1668  47: 1668  48: 1668  49: 1668  50: 1668  51: 1668  52: 1668  53: 1668  54: 1668  55: 1668  56: 1668  57: 1668  58: 1668  59: 1668  60: 1668  61: 1668  62: 1668  63: 1668  64: 1668  65: 1668  66: 1668  67: 1668  68: 1668  69: 1668  70: 1668  71: 1668  72: 1668  73: 1668  74: 1668  75: 1668  76: 1668  77: 1668  78: 1668  79: 1668  80: 1668  81: 1668  82: 1668  83: 1668  84: 1668  85: 1668  86: 1668  87: 1668  88: 1668  89: 1668  90: 1668  91: 1668  92: 1668  93: 1668  94: 1668  95: 1668  96: 1668  97: 1668  98: 1668  99: 1668  100: 1668  101: 1668  102: 1668  103: 1668  104: 1668  105: 1668  106: 1668  107: 1668  108: 1668  109: 1668  110: 1668  111: 1668  112: 1668  113: 1668  114: 49710439  
Number of iterations = 0
************ output approx partition-refinement quotient ************
115 1925
0: 1668  1: 1668  2: 1668  3: 1668  4: 1668  5: 1668  6: 1668  7: 1668  8: 1668  9: 1668  10: 1668  11: 1668  12: 1668  13: 1668  14: 1668  15: 1668  16: 1668  17: 1668  18: 1668  19: 1668  20: 1668  21: 1668  22: 1668  23: 1668  24: 1668  25: 1668  26: 1668  27: 1668  28: 1668  29: 1668  30: 1668  31: 1668  32: 1668  33: 1668  34: 1668  35: 1668  36: 1668  37: 1668  38: 1668  39: 1668  40: 1668  41: 1668  42: 1668  43: 1668  44: 1668  45: 1668  46: 1668  47: 1668  48: 1668  49: 1668  50: 1668  51: 1668  52: 1668  53: 1668  54: 1668  55: 1668  56: 1668  57: 1668  58: 1668  59: 1668  60: 1668  61: 1668  62: 1668  63: 1668  64: 1668  65: 1668  66: 1668  67: 1668  68: 1668  69: 1668  70: 1668  71: 1668  72: 1668  73: 1668  74: 1668  75: 1668  76: 1668  77: 1668  78: 1668  79: 1668  80: 1668  81: 1668  82: 1668  83: 1668  84: 1668  85: 1668  86: 1668  87: 1668  88: 1668  89: 1668  90: 1668  91: 1668  92: 1668  93: 1668  94: 1668  95: 1668  96: 1668  97: 1668  98: 1668  99: 1668  100: 1668  101: 1668  102: 1668  103: 1668  104: 1668  105: 1668  106: 1668  107: 1668  108: 1668  109: 1668  110: 1668  111: 1668  112: 1668  113: 1668  114: 49710439  
Number of iterations = 0
************ output approx partition-refinement merging ************
115 1925
0: 1668  1: 1668  2: 1668  3: 1668  4: 1668  5: 1668  6: 1668  7: 1668  8: 1668  9: 1668  10: 1668  11: 1668  12: 1668  13: 1668  14: 1668  15: 1668  16: 1668  17: 1668  18: 1668  19: 1668  20: 1668  21: 1668  22: 1668  23: 1668  24: 1668  25: 1668  26: 1668  27: 1668  28: 1668  29: 1668  30: 1668  31: 1668  32: 1668  33: 1668  34: 1668  35: 1668  36: 1668  37: 1668  38: 1668  39: 1668  40: 1668  41: 1668  42: 1668  43: 1668  44: 1668  45: 1668  46: 1668  47: 1668  48: 1668  49: 1668  50: 1668  51: 1668  52: 1668  53: 1668  54: 1668  55: 1668  56: 1668  57: 1668  58: 1668  59: 1668  60: 1668  61: 1668  62: 1668  63: 1668  64: 1668  65: 1668  66: 1668  67: 1668  68: 1668  69: 1668  70: 1668  71: 1668  72: 1668  73: 1668  74: 1668  75: 1668  76: 1668  77: 1668  78: 1668  79: 1668  80: 1668  81: 1668  82: 1668  83: 1668  84: 1668  85: 1668  86: 1668  87: 1668  88: 1668  89: 1668  90: 1668  91: 1668  92: 1668  93: 1668  94: 1668  95: 1668  96: 1668  97: 1668  98: 1668  99: 1668  100: 1668  101: 1668  102: 1668  103: 1668  104: 1668  105: 1668  106: 1668  107: 1668  108: 1668  109: 1668  110: 1668  111: 1668  112: 1668  113: 1668  114: 49710439  
Number of iterations = 0
epsilon2=0.0001
************ output local distance quotient ************
115 1925
0: 1668  1: 1668  2: 1668  3: 1668  4: 1668  5: 1668  6: 1668  7: 1668  8: 1668  9: 1668  10: 1668  11: 1668  12: 1668  13: 1668  14: 1668  15: 1668  16: 1668  17: 1668  18: 1668  19: 1668  20: 1668  21: 1668  22: 1668  23: 1668  24: 1668  25: 1668  26: 1668  27: 1668  28: 1668  29: 1668  30: 1668  31: 1668  32: 1668  33: 1668  34: 1668  35: 1668  36: 1668  37: 1668  38: 1668  39: 1668  40: 1668  41: 1668  42: 1668  43: 1668  44: 1668  45: 1668  46: 1668  47: 1668  48: 1668  49: 1668  50: 1668  51: 1668  52: 1668  53: 1668  54: 1668  55: 1668  56: 1668  57: 1668  58: 1668  59: 1668  60: 1668  61: 1668  62: 1668  63: 1668  64: 1668  65: 1668  66: 1668  67: 1668  68: 1668  69: 1668  70: 1668  71: 1668  72: 1668  73: 1668  74: 1668  75: 1668  76: 1668  77: 1668  78: 1668  79: 1668  80: 1668  81: 1668  82: 1668  83: 1668  84: 1668  85: 1668  86: 1668  87: 1668  88: 1668  89: 1668  90: 1668  91: 1668  92: 1668  93: 1668  94: 1668  95: 1668  96: 1668  97: 1668  98: 1668  99: 1668  100: 1668  101: 1668  102: 1668  103: 1668  104: 1668  105: 1668  106: 1668  107: 1668  108: 1668  109: 1668  110: 1668  111: 1668  112: 1668  113: 1668  114: 49710439  
Number of iterations = 0
************ output local distance merging ************
114 1809
0: 1668  1: 1668  2: 1668  3: 1668  4: 1668  5: 1668  6: 1668  7: 1668  8: 1668  9: 1668  10: 1668  11: 1668  12: 1668  13: 1668  14: 1668  15: 1668  16: 1668  17: 1668  18: 1668  19: 1668  20: 1668  21: 1668  22: 1668  23: 1668  24: 1668  25: 1668  26: 1668  27: 1668  28: 1668  29: 1668  30: 1668  31: 1668  32: 1668  33: 1668  34: 1668  35: 1668  36: 1668  37: 1668  38: 1668  39: 1668  40: 1668  41: 1668  42: 1668  43: 1668  44: 1668  45: 1668  46: 1668  47: 1668  48: 1668  49: 1668  50: 1668  51: 1668  52: 1668  53: 1668  54: 1668  55: 1668  56: 1668  57: 1668  58: 1668  59: 1668  60: 1668  61: 1668  62: 1668  63: 1668  64: 1668  65: 1668  66: 1668  67: 1668  68: 1668  69: 1668  70: 1668  71: 1668  72: 1668  73: 1668  74: 1668  75: 1668  76: 1668  77: 1668  78: 1668  79: 1668  80: 1668  81: 1668  82: 1668  83: 1668  84: 1668  85: 1668  86: 1668  87: 1668  88: 1668  89: 1668  90: 1668  91: 1668  92: 1668  93: 1668  94: 1668  95: 1668  96: 1668  97: 1668  98: 1668  99: 1668  100: 1668  101: 1668  102: 1668  103: 1668  104: 1668  105: 1668  106: 1668  107: 1668  108: 1668  109: 1668  110: 1668  111: 1668  112: 1668  113: 49710439  
Number of iterations = 1
************ output approx partition-refinement quotient ************
115 1925
0: 1668  1: 1668  2: 1668  3: 1668  4: 1668  5: 1668  6: 1668  7: 1668  8: 1668  9: 1668  10: 1668  11: 1668  12: 1668  13: 1668  14: 1668  15: 1668  16: 1668  17: 1668  18: 1668  19: 1668  20: 1668  21: 1668  22: 1668  23: 1668  24: 1668  25: 1668  26: 1668  27: 1668  28: 1668  29: 1668  30: 1668  31: 1668  32: 1668  33: 1668  34: 1668  35: 1668  36: 1668  37: 1668  38: 1668  39: 1668  40: 1668  41: 1668  42: 1668  43: 1668  44: 1668  45: 1668  46: 1668  47: 1668  48: 1668  49: 1668  50: 1668  51: 1668  52: 1668  53: 1668  54: 1668  55: 1668  56: 1668  57: 1668  58: 1668  59: 1668  60: 1668  61: 1668  62: 1668  63: 1668  64: 1668  65: 1668  66: 1668  67: 1668  68: 1668  69: 1668  70: 1668  71: 1668  72: 1668  73: 1668  74: 1668  75: 1668  76: 1668  77: 1668  78: 1668  79: 1668  80: 1668  81: 1668  82: 1668  83: 1668  84: 1668  85: 1668  86: 1668  87: 1668  88: 1668  89: 1668  90: 1668  91: 1668  92: 1668  93: 1668  94: 1668  95: 1668  96: 1668  97: 1668  98: 1668  99: 1668  100: 1668  101: 1668  102: 1668  103: 1668  104: 1668  105: 1668  106: 1668  107: 1668  108: 1668  109: 1668  110: 1668  111: 1668  112: 1668  113: 1668  114: 49710439  
Number of iterations = 0
************ output approx partition-refinement merging ************
9 49
0: 1668  1: 1668  2: 1668  3: 1668  4: 1668  5: 1668  6: 1668  7: 1668  8: 49710439  
Number of iterations = 1
epsilon2=0.001
************ output local distance quotient ************
115 1925
0: 1668  1: 1668  2: 1668  3: 1668  4: 1668  5: 1668  6: 1668  7: 1668  8: 1668  9: 1668  10: 1668  11: 1668  12: 1668  13: 1668  14: 1668  15: 1668  16: 1668  17: 1668  18: 1668  19: 1668  20: 1668  21: 1668  22: 1668  23: 1668  24: 1668  25: 1668  26: 1668  27: 1668  28: 1668  29: 1668  30: 1668  31: 1668  32: 1668  33: 1668  34: 1668  35: 1668  36: 1668  37: 1668  38: 1668  39: 1668  40: 1668  41: 1668  42: 1668  43: 1668  44: 1668  45: 1668  46: 1668  47: 1668  48: 1668  49: 1668  50: 1668  51: 1668  52: 1668  53: 1668  54: 1668  55: 1668  56: 1668  57: 1668  58: 1668  59: 1668  60: 1668  61: 1668  62: 1668  63: 1668  64: 1668  65: 1668  66: 1668  67: 1668  68: 1668  69: 1668  70: 1668  71: 1668  72: 1668  73: 1668  74: 1668  75: 1668  76: 1668  77: 1668  78: 1668  79: 1668  80: 1668  81: 1668  82: 1668  83: 1668  84: 1668  85: 1668  86: 1668  87: 1668  88: 1668  89: 1668  90: 1668  91: 1668  92: 1668  93: 1668  94: 1668  95: 1668  96: 1668  97: 1668  98: 1668  99: 1668  100: 1668  101: 1668  102: 1668  103: 1668  104: 1668  105: 1668  106: 1668  107: 1668  108: 1668  109: 1668  110: 1668  111: 1668  112: 1668  113: 1668  114: 49710439  
Number of iterations = 0
************ output local distance merging ************
114 1809
0: 1668  1: 1668  2: 1668  3: 1668  4: 1668  5: 1668  6: 1668  7: 1668  8: 1668  9: 1668  10: 1668  11: 1668  12: 1668  13: 1668  14: 1668  15: 1668  16: 1668  17: 1668  18: 1668  19: 1668  20: 1668  21: 1668  22: 1668  23: 1668  24: 1668  25: 1668  26: 1668  27: 1668  28: 1668  29: 1668  30: 1668  31: 1668  32: 1668  33: 1668  34: 1668  35: 1668  36: 1668  37: 1668  38: 1668  39: 1668  40: 1668  41: 1668  42: 1668  43: 1668  44: 1668  45: 1668  46: 1668  47: 1668  48: 1668  49: 1668  50: 1668  51: 1668  52: 1668  53: 1668  54: 1668  55: 1668  56: 1668  57: 1668  58: 1668  59: 1668  60: 1668  61: 1668  62: 1668  63: 1668  64: 1668  65: 1668  66: 1668  67: 1668  68: 1668  69: 1668  70: 1668  71: 1668  72: 1668  73: 1668  74: 1668  75: 1668  76: 1668  77: 1668  78: 1668  79: 1668  80: 1668  81: 1668  82: 1668  83: 1668  84: 1668  85: 1668  86: 1668  87: 1668  88: 1668  89: 1668  90: 1668  91: 1668  92: 1668  93: 1668  94: 1668  95: 1668  96: 1668  97: 1668  98: 1668  99: 1668  100: 1668  101: 1668  102: 1668  103: 1668  104: 1668  105: 1668  106: 1668  107: 1668  108: 1668  109: 1668  110: 1668  111: 1668  112: 1668  113: 49710439  
Number of iterations = 1
************ output approx partition-refinement quotient ************
115 1925
0: 1668  1: 1668  2: 1668  3: 1668  4: 1668  5: 1668  6: 1668  7: 1668  8: 1668  9: 1668  10: 1668  11: 1668  12: 1668  13: 1668  14: 1668  15: 1668  16: 1668  17: 1668  18: 1668  19: 1668  20: 1668  21: 1668  22: 1668  23: 1668  24: 1668  25: 1668  26: 1668  27: 1668  28: 1668  29: 1668  30: 1668  31: 1668  32: 1668  33: 1668  34: 1668  35: 1668  36: 1668  37: 1668  38: 1668  39: 1668  40: 1668  41: 1668  42: 1668  43: 1668  44: 1668  45: 1668  46: 1668  47: 1668  48: 1668  49: 1668  50: 1668  51: 1668  52: 1668  53: 1668  54: 1668  55: 1668  56: 1668  57: 1668  58: 1668  59: 1668  60: 1668  61: 1668  62: 1668  63: 1668  64: 1668  65: 1668  66: 1668  67: 1668  68: 1668  69: 1668  70: 1668  71: 1668  72: 1668  73: 1668  74: 1668  75: 1668  76: 1668  77: 1668  78: 1668  79: 1668  80: 1668  81: 1668  82: 1668  83: 1668  84: 1668  85: 1668  86: 1668  87: 1668  88: 1668  89: 1668  90: 1668  91: 1668  92: 1668  93: 1668  94: 1668  95: 1668  96: 1668  97: 1668  98: 1668  99: 1668  100: 1668  101: 1668  102: 1668  103: 1668  104: 1668  105: 1668  106: 1668  107: 1668  108: 1668  109: 1668  110: 1668  111: 1668  112: 1668  113: 1668  114: 49710439  
Number of iterations = 0
************ output approx partition-refinement merging ************
9 49
0: 1668  1: 1668  2: 1668  3: 1668  4: 1668  5: 1668  6: 1668  7: 1668  8: 49710439  
Number of iterations = 1
epsilon2=0.01
************ output local distance quotient ************
115 1925
0: 1668  1: 1668  2: 1668  3: 1668  4: 1668  5: 1668  6: 1668  7: 1668  8: 1668  9: 1668  10: 1668  11: 1668  12: 1668  13: 1668  14: 1668  15: 1668  16: 1668  17: 1668  18: 1668  19: 1668  20: 1668  21: 1668  22: 1668  23: 1668  24: 1668  25: 1668  26: 1668  27: 1668  28: 1668  29: 1668  30: 1668  31: 1668  32: 1668  33: 1668  34: 1668  35: 1668  36: 1668  37: 1668  38: 1668  39: 1668  40: 1668  41: 1668  42: 1668  43: 1668  44: 1668  45: 1668  46: 1668  47: 1668  48: 1668  49: 1668  50: 1668  51: 1668  52: 1668  53: 1668  54: 1668  55: 1668  56: 1668  57: 1668  58: 1668  59: 1668  60: 1668  61: 1668  62: 1668  63: 1668  64: 1668  65: 1668  66: 1668  67: 1668  68: 1668  69: 1668  70: 1668  71: 1668  72: 1668  73: 1668  74: 1668  75: 1668  76: 1668  77: 1668  78: 1668  79: 1668  80: 1668  81: 1668  82: 1668  83: 1668  84: 1668  85: 1668  86: 1668  87: 1668  88: 1668  89: 1668  90: 1668  91: 1668  92: 1668  93: 1668  94: 1668  95: 1668  96: 1668  97: 1668  98: 1668  99: 1668  100: 1668  101: 1668  102: 1668  103: 1668  104: 1668  105: 1668  106: 1668  107: 1668  108: 1668  109: 1668  110: 1668  111: 1668  112: 1668  113: 1668  114: 49710439  
Number of iterations = 0
************ output local distance merging ************
114 1809
0: 1668  1: 1668  2: 1668  3: 1668  4: 1668  5: 1668  6: 1668  7: 1668  8: 1668  9: 1668  10: 1668  11: 1668  12: 1668  13: 1668  14: 1668  15: 1668  16: 1668  17: 1668  18: 1668  19: 1668  20: 1668  21: 1668  22: 1668  23: 1668  24: 1668  25: 1668  26: 1668  27: 1668  28: 1668  29: 1668  30: 1668  31: 1668  32: 1668  33: 1668  34: 1668  35: 1668  36: 1668  37: 1668  38: 1668  39: 1668  40: 1668  41: 1668  42: 1668  43: 1668  44: 1668  45: 1668  46: 1668  47: 1668  48: 1668  49: 1668  50: 1668  51: 1668  52: 1668  53: 1668  54: 1668  55: 1668  56: 1668  57: 1668  58: 1668  59: 1668  60: 1668  61: 1668  62: 1668  63: 1668  64: 1668  65: 1668  66: 1668  67: 1668  68: 1668  69: 1668  70: 1668  71: 1668  72: 1668  73: 1668  74: 1668  75: 1668  76: 1668  77: 1668  78: 1668  79: 1668  80: 1668  81: 1668  82: 1668  83: 1668  84: 1668  85: 1668  86: 1668  87: 1668  88: 1668  89: 1668  90: 1668  91: 1668  92: 1668  93: 1668  94: 1668  95: 1668  96: 1668  97: 1668  98: 1668  99: 1668  100: 1668  101: 1668  102: 1668  103: 1668  104: 1668  105: 1668  106: 1668  107: 1668  108: 1668  109: 1668  110: 1668  111: 1668  112: 1668  113: 49710439  
Number of iterations = 1
************ output approx partition-refinement quotient ************
115 1925
0: 1668  1: 1668  2: 1668  3: 1668  4: 1668  5: 1668  6: 1668  7: 1668  8: 1668  9: 1668  10: 1668  11: 1668  12: 1668  13: 1668  14: 1668  15: 1668  16: 1668  17: 1668  18: 1668  19: 1668  20: 1668  21: 1668  22: 1668  23: 1668  24: 1668  25: 1668  26: 1668  27: 1668  28: 1668  29: 1668  30: 1668  31: 1668  32: 1668  33: 1668  34: 1668  35: 1668  36: 1668  37: 1668  38: 1668  39: 1668  40: 1668  41: 1668  42: 1668  43: 1668  44: 1668  45: 1668  46: 1668  47: 1668  48: 1668  49: 1668  50: 1668  51: 1668  52: 1668  53: 1668  54: 1668  55: 1668  56: 1668  57: 1668  58: 1668  59: 1668  60: 1668  61: 1668  62: 1668  63: 1668  64: 1668  65: 1668  66: 1668  67: 1668  68: 1668  69: 1668  70: 1668  71: 1668  72: 1668  73: 1668  74: 1668  75: 1668  76: 1668  77: 1668  78: 1668  79: 1668  80: 1668  81: 1668  82: 1668  83: 1668  84: 1668  85: 1668  86: 1668  87: 1668  88: 1668  89: 1668  90: 1668  91: 1668  92: 1668  93: 1668  94: 1668  95: 1668  96: 1668  97: 1668  98: 1668  99: 1668  100: 1668  101: 1668  102: 1668  103: 1668  104: 1668  105: 1668  106: 1668  107: 1668  108: 1668  109: 1668  110: 1668  111: 1668  112: 1668  113: 1668  114: 49710439  
Number of iterations = 0
************ output approx partition-refinement merging ************
9 49
0: 1668  1: 1668  2: 1668  3: 1668  4: 1668  5: 1668  6: 1668  7: 1668  8: 49710439  
Number of iterations = 1
epsilon2=0.1
************ output local distance quotient ************
115 1925
0: 1668  1: 1668  2: 1668  3: 1668  4: 1668  5: 1668  6: 1668  7: 1668  8: 1668  9: 1668  10: 1668  11: 1668  12: 1668  13: 1668  14: 1668  15: 1668  16: 1668  17: 1668  18: 1668  19: 1668  20: 1668  21: 1668  22: 1668  23: 1668  24: 1668  25: 1668  26: 1668  27: 1668  28: 1668  29: 1668  30: 1668  31: 1668  32: 1668  33: 1668  34: 1668  35: 1668  36: 1668  37: 1668  38: 1668  39: 1668  40: 1668  41: 1668  42: 1668  43: 1668  44: 1668  45: 1668  46: 1668  47: 1668  48: 1668  49: 1668  50: 1668  51: 1668  52: 1668  53: 1668  54: 1668  55: 1668  56: 1668  57: 1668  58: 1668  59: 1668  60: 1668  61: 1668  62: 1668  63: 1668  64: 1668  65: 1668  66: 1668  67: 1668  68: 1668  69: 1668  70: 1668  71: 1668  72: 1668  73: 1668  74: 1668  75: 1668  76: 1668  77: 1668  78: 1668  79: 1668  80: 1668  81: 1668  82: 1668  83: 1668  84: 1668  85: 1668  86: 1668  87: 1668  88: 1668  89: 1668  90: 1668  91: 1668  92: 1668  93: 1668  94: 1668  95: 1668  96: 1668  97: 1668  98: 1668  99: 1668  100: 1668  101: 1668  102: 1668  103: 1668  104: 1668  105: 1668  106: 1668  107: 1668  108: 1668  109: 1668  110: 1668  111: 1668  112: 1668  113: 1668  114: 49710439  
Number of iterations = 0
************ output local distance merging ************
114 1809
0: 1668  1: 1668  2: 1668  3: 1668  4: 1668  5: 1668  6: 1668  7: 1668  8: 1668  9: 1668  10: 1668  11: 1668  12: 1668  13: 1668  14: 1668  15: 1668  16: 1668  17: 1668  18: 1668  19: 1668  20: 1668  21: 1668  22: 1668  23: 1668  24: 1668  25: 1668  26: 1668  27: 1668  28: 1668  29: 1668  30: 1668  31: 1668  32: 1668  33: 1668  34: 1668  35: 1668  36: 1668  37: 1668  38: 1668  39: 1668  40: 1668  41: 1668  42: 1668  43: 1668  44: 1668  45: 1668  46: 1668  47: 1668  48: 1668  49: 1668  50: 1668  51: 1668  52: 1668  53: 1668  54: 1668  55: 1668  56: 1668  57: 1668  58: 1668  59: 1668  60: 1668  61: 1668  62: 1668  63: 1668  64: 1668  65: 1668  66: 1668  67: 1668  68: 1668  69: 1668  70: 1668  71: 1668  72: 1668  73: 1668  74: 1668  75: 1668  76: 1668  77: 1668  78: 1668  79: 1668  80: 1668  81: 1668  82: 1668  83: 1668  84: 1668  85: 1668  86: 1668  87: 1668  88: 1668  89: 1668  90: 1668  91: 1668  92: 1668  93: 1668  94: 1668  95: 1668  96: 1668  97: 1668  98: 1668  99: 1668  100: 1668  101: 1668  102: 1668  103: 1668  104: 1668  105: 1668  106: 1668  107: 1668  108: 1668  109: 1668  110: 1668  111: 1668  112: 1668  113: 49710439  
Number of iterations = 1
************ output approx partition-refinement quotient ************
115 1925
0: 1668  1: 1668  2: 1668  3: 1668  4: 1668  5: 1668  6: 1668  7: 1668  8: 1668  9: 1668  10: 1668  11: 1668  12: 1668  13: 1668  14: 1668  15: 1668  16: 1668  17: 1668  18: 1668  19: 1668  20: 1668  21: 1668  22: 1668  23: 1668  24: 1668  25: 1668  26: 1668  27: 1668  28: 1668  29: 1668  30: 1668  31: 1668  32: 1668  33: 1668  34: 1668  35: 1668  36: 1668  37: 1668  38: 1668  39: 1668  40: 1668  41: 1668  42: 1668  43: 1668  44: 1668  45: 1668  46: 1668  47: 1668  48: 1668  49: 1668  50: 1668  51: 1668  52: 1668  53: 1668  54: 1668  55: 1668  56: 1668  57: 1668  58: 1668  59: 1668  60: 1668  61: 1668  62: 1668  63: 1668  64: 1668  65: 1668  66: 1668  67: 1668  68: 1668  69: 1668  70: 1668  71: 1668  72: 1668  73: 1668  74: 1668  75: 1668  76: 1668  77: 1668  78: 1668  79: 1668  80: 1668  81: 1668  82: 1668  83: 1668  84: 1668  85: 1668  86: 1668  87: 1668  88: 1668  89: 1668  90: 1668  91: 1668  92: 1668  93: 1668  94: 1668  95: 1668  96: 1668  97: 1668  98: 1668  99: 1668  100: 1668  101: 1668  102: 1668  103: 1668  104: 1668  105: 1668  106: 1668  107: 1668  108: 1668  109: 1668  110: 1668  111: 1668  112: 1668  113: 1668  114: 49710439  
Number of iterations = 0
************ output approx partition-refinement merging ************
10 60
0: 1668  1: 1668  2: 1668  3: 1668  4: 1668  5: 1668  6: 1668  7: 1668  8: 1668  9: 49710439  
Number of iterations = 1
